INFO - 2024-08-01 05:09:39 --> Session: Class initialized using 'CodeIgniter\Session\Handlers\FileHandler' driver.
INFO - 2024-08-01 05:09:49 --> CSRF token verified.
INFO - 2024-08-01 05:09:49 --> Session: Class initialized using 'CodeIgniter\Session\Handlers\FileHandler' driver.
INFO - 2024-08-01 05:09:49 --> Session: Class initialized using 'CodeIgniter\Session\Handlers\FileHandler' driver.
INFO - 2024-08-01 05:09:56 --> Session: Class initialized using 'CodeIgniter\Session\Handlers\FileHandler' driver.
INFO - 2024-08-01 05:09:58 --> Session: Class initialized using 'CodeIgniter\Session\Handlers\FileHandler' driver.
INFO - 2024-08-01 05:09:58 --> CSRF token verified.
INFO - 2024-08-01 05:10:01 --> Session: Class initialized using 'CodeIgniter\Session\Handlers\FileHandler' driver.
INFO - 2024-08-01 05:10:01 --> CSRF token verified.
INFO - 2024-08-01 05:10:02 --> Session: Class initialized using 'CodeIgniter\Session\Handlers\FileHandler' driver.
INFO - 2024-08-01 05:10:02 --> CSRF token verified.
INFO - 2024-08-01 05:10:04 --> Session: Class initialized using 'CodeIgniter\Session\Handlers\FileHandler' driver.
INFO - 2024-08-01 05:10:04 --> CSRF token verified.
INFO - 2024-08-01 05:10:05 --> Session: Class initialized using 'CodeIgniter\Session\Handlers\FileHandler' driver.
INFO - 2024-08-01 05:10:05 --> CSRF token verified.
INFO - 2024-08-01 05:10:06 --> Session: Class initialized using 'CodeIgniter\Session\Handlers\FileHandler' driver.
INFO - 2024-08-01 05:10:06 --> CSRF token verified.
INFO - 2024-08-01 05:10:06 --> Session: Class initialized using 'CodeIgniter\Session\Handlers\FileHandler' driver.
INFO - 2024-08-01 05:10:06 --> CSRF token verified.
INFO - 2024-08-01 05:10:18 --> Session: Class initialized using 'CodeIgniter\Session\Handlers\FileHandler' driver.
INFO - 2024-08-01 05:10:19 --> Session: Class initialized using 'CodeIgniter\Session\Handlers\FileHandler' driver.
INFO - 2024-08-01 05:10:19 --> CSRF token verified.
INFO - 2024-08-01 05:10:19 --> Session: Class initialized using 'CodeIgniter\Session\Handlers\FileHandler' driver.
INFO - 2024-08-01 05:10:19 --> CSRF token verified.
INFO - 2024-08-01 05:10:23 --> Session: Class initialized using 'CodeIgniter\Session\Handlers\FileHandler' driver.
INFO - 2024-08-01 05:10:24 --> Session: Class initialized using 'CodeIgniter\Session\Handlers\FileHandler' driver.
INFO - 2024-08-01 05:10:24 --> CSRF token verified.
INFO - 2024-08-01 05:10:24 --> Session: Class initialized using 'CodeIgniter\Session\Handlers\FileHandler' driver.
INFO - 2024-08-01 05:10:24 --> CSRF token verified.
INFO - 2024-08-01 06:21:15 --> Session: Class initialized using 'CodeIgniter\Session\Handlers\FileHandler' driver.
INFO - 2024-08-01 06:31:44 --> Session: Class initialized using 'CodeIgniter\Session\Handlers\FileHandler' driver.
INFO - 2024-08-01 06:33:14 --> Session: Class initialized using 'CodeIgniter\Session\Handlers\FileHandler' driver.
INFO - 2024-08-01 06:34:51 --> Session: Class initialized using 'CodeIgniter\Session\Handlers\FileHandler' driver.
INFO - 2024-08-01 06:35:26 --> Session: Class initialized using 'CodeIgniter\Session\Handlers\FileHandler' driver.
INFO - 2024-08-01 06:57:33 --> Session: Class initialized using 'CodeIgniter\Session\Handlers\FileHandler' driver.
INFO - 2024-08-01 06:57:45 --> Session: Class initialized using 'CodeIgniter\Session\Handlers\FileHandler' driver.
INFO - 2024-08-01 06:57:46 --> Session: Class initialized using 'CodeIgniter\Session\Handlers\FileHandler' driver.
INFO - 2024-08-01 06:57:46 --> CSRF token verified.
INFO - 2024-08-01 06:57:49 --> Session: Class initialized using 'CodeIgniter\Session\Handlers\FileHandler' driver.
INFO - 2024-08-01 06:57:49 --> CSRF token verified.
INFO - 2024-08-01 06:57:49 --> Session: Class initialized using 'CodeIgniter\Session\Handlers\FileHandler' driver.
INFO - 2024-08-01 06:57:50 --> CSRF token verified.
INFO - 2024-08-01 06:57:50 --> Session: Class initialized using 'CodeIgniter\Session\Handlers\FileHandler' driver.
INFO - 2024-08-01 06:57:50 --> CSRF token verified.
INFO - 2024-08-01 06:57:51 --> Session: Class initialized using 'CodeIgniter\Session\Handlers\FileHandler' driver.
INFO - 2024-08-01 06:57:51 --> CSRF token verified.
INFO - 2024-08-01 06:57:51 --> Session: Class initialized using 'CodeIgniter\Session\Handlers\FileHandler' driver.
INFO - 2024-08-01 06:57:51 --> CSRF token verified.
INFO - 2024-08-01 12:31:29 --> Session: Class initialized using 'CodeIgniter\Session\Handlers\FileHandler' driver.
INFO - 2024-08-01 12:31:29 --> Session: Class initialized using 'CodeIgniter\Session\Handlers\FileHandler' driver.
INFO - 2024-08-01 12:34:28 --> Session: Class initialized using 'CodeIgniter\Session\Handlers\FileHandler' driver.
CRITICAL - 2024-08-01 12:34:28 --> ErrorException: Undefined variable $jakarta
in APPPATH\Views\backend\view\auth\index.php on line 6.
 1 APPPATH\Views\backend\view\auth\index.php(6): CodeIgniter\Debug\Exceptions->errorHandler(2, 'Undefined variable $jakarta', 'C:\\xampp\\htdocs\\demo_spk_ahp\\app\\Views\\backend\\view\\auth\\index.php', 6)
 2 SYSTEMPATH\View\View.php(228): include('C:\\xampp\\htdocs\\demo_spk_ahp\\app\\Views\\backend\\view\\auth\\index.php')
 3 SYSTEMPATH\View\View.php(231): CodeIgniter\View\View->CodeIgniter\View\{closure}()
 4 SYSTEMPATH\Common.php(1178): CodeIgniter\View\View->render('backend/view/auth/index', [], true)
 5 APPPATH\Controllers\Backend\Auth\Auth.php(28): view('backend/view/auth/index', [...])
 6 SYSTEMPATH\CodeIgniter.php(943): App\Controllers\Backend\Auth\Auth->index()
 7 SYSTEMPATH\CodeIgniter.php(503): CodeIgniter\CodeIgniter->runController(Object(App\Controllers\Backend\Auth\Auth))
 8 SYSTEMPATH\CodeIgniter.php(361): CodeIgniter\CodeIgniter->handleRequest(null, Object(Config\Cache), false)
 9 FCPATH\index.php(79): CodeIgniter\CodeIgniter->run()
10 SYSTEMPATH\Commands\Server\rewrite.php(47): require_once('C:\\xampp\\htdocs\\demo_spk_ahp\\public\\index.php')
INFO - 2024-08-01 12:34:56 --> Session: Class initialized using 'CodeIgniter\Session\Handlers\FileHandler' driver.
INFO - 2024-08-01 12:39:16 --> CSRF token verified.
INFO - 2024-08-01 12:39:16 --> Session: Class initialized using 'CodeIgniter\Session\Handlers\FileHandler' driver.
INFO - 2024-08-01 12:39:16 --> Session: Class initialized using 'CodeIgniter\Session\Handlers\FileHandler' driver.
INFO - 2024-08-01 18:55:45 --> Session: Class initialized using 'CodeIgniter\Session\Handlers\FileHandler' driver.
INFO - 2024-08-01 18:55:45 --> Session: Class initialized using 'CodeIgniter\Session\Handlers\FileHandler' driver.
INFO - 2024-08-01 18:55:53 --> CSRF token verified.
INFO - 2024-08-01 18:55:53 --> Session: Class initialized using 'CodeIgniter\Session\Handlers\FileHandler' driver.
INFO - 2024-08-01 18:55:53 --> Session: Class initialized using 'CodeIgniter\Session\Handlers\FileHandler' driver.
INFO - 2024-08-01 18:55:57 --> Session: Class initialized using 'CodeIgniter\Session\Handlers\FileHandler' driver.
INFO - 2024-08-01 18:55:58 --> Session: Class initialized using 'CodeIgniter\Session\Handlers\FileHandler' driver.
INFO - 2024-08-01 18:55:58 --> CSRF token verified.
INFO - 2024-08-01 19:00:58 --> Session: Class initialized using 'CodeIgniter\Session\Handlers\FileHandler' driver.
INFO - 2024-08-01 19:00:59 --> Session: Class initialized using 'CodeIgniter\Session\Handlers\FileHandler' driver.
INFO - 2024-08-01 19:00:59 --> CSRF token verified.
INFO - 2024-08-01 19:01:01 --> Session: Class initialized using 'CodeIgniter\Session\Handlers\FileHandler' driver.
INFO - 2024-08-01 19:01:21 --> Session: Class initialized using 'CodeIgniter\Session\Handlers\FileHandler' driver.
INFO - 2024-08-01 19:01:22 --> Session: Class initialized using 'CodeIgniter\Session\Handlers\FileHandler' driver.
INFO - 2024-08-01 19:01:22 --> CSRF token verified.
INFO - 2024-08-01 19:09:11 --> Session: Class initialized using 'CodeIgniter\Session\Handlers\FileHandler' driver.
INFO - 2024-08-01 19:09:12 --> Session: Class initialized using 'CodeIgniter\Session\Handlers\FileHandler' driver.
INFO - 2024-08-01 19:09:12 --> CSRF token verified.
INFO - 2024-08-01 19:09:13 --> Session: Class initialized using 'CodeIgniter\Session\Handlers\FileHandler' driver.
CRITICAL - 2024-08-01 19:09:13 --> ErrorException: Undefined property: App\Controllers\Backend\Modules\Recruitment::$role
in APPPATH\Controllers\Backend\Modules\Recruitment.php on line 72.
 1 APPPATH\Controllers\Backend\Modules\Recruitment.php(72): CodeIgniter\Debug\Exceptions->errorHandler(2, 'Undefined property: App\\Controllers\\Backend\\Modules\\Recruitment::$role', 'C:\\xampp\\htdocs\\demo_spk_ahp\\app\\Controllers\\Backend\\Modules\\Recruitment.php', 72)
 2 SYSTEMPATH\CodeIgniter.php(943): App\Controllers\Backend\Modules\Recruitment->tambahApplicants()
 3 SYSTEMPATH\CodeIgniter.php(503): CodeIgniter\CodeIgniter->runController(Object(App\Controllers\Backend\Modules\Recruitment))
 4 SYSTEMPATH\CodeIgniter.php(361): CodeIgniter\CodeIgniter->handleRequest(null, Object(Config\Cache), false)
 5 FCPATH\index.php(79): CodeIgniter\CodeIgniter->run()
 6 SYSTEMPATH\Commands\Server\rewrite.php(47): require_once('C:\\xampp\\htdocs\\demo_spk_ahp\\public\\index.php')
INFO - 2024-08-01 19:09:16 --> Session: Class initialized using 'CodeIgniter\Session\Handlers\FileHandler' driver.
CRITICAL - 2024-08-01 19:09:16 --> ErrorException: Undefined property: App\Controllers\Backend\Modules\Recruitment::$role
in APPPATH\Controllers\Backend\Modules\Recruitment.php on line 72.
 1 APPPATH\Controllers\Backend\Modules\Recruitment.php(72): CodeIgniter\Debug\Exceptions->errorHandler(2, 'Undefined property: App\\Controllers\\Backend\\Modules\\Recruitment::$role', 'C:\\xampp\\htdocs\\demo_spk_ahp\\app\\Controllers\\Backend\\Modules\\Recruitment.php', 72)
 2 SYSTEMPATH\CodeIgniter.php(943): App\Controllers\Backend\Modules\Recruitment->tambahApplicants()
 3 SYSTEMPATH\CodeIgniter.php(503): CodeIgniter\CodeIgniter->runController(Object(App\Controllers\Backend\Modules\Recruitment))
 4 SYSTEMPATH\CodeIgniter.php(361): CodeIgniter\CodeIgniter->handleRequest(null, Object(Config\Cache), false)
 5 FCPATH\index.php(79): CodeIgniter\CodeIgniter->run()
 6 SYSTEMPATH\Commands\Server\rewrite.php(47): require_once('C:\\xampp\\htdocs\\demo_spk_ahp\\public\\index.php')
INFO - 2024-08-01 19:11:10 --> Session: Class initialized using 'CodeIgniter\Session\Handlers\FileHandler' driver.
INFO - 2024-08-01 19:11:11 --> Session: Class initialized using 'CodeIgniter\Session\Handlers\FileHandler' driver.
INFO - 2024-08-01 19:11:11 --> CSRF token verified.
INFO - 2024-08-01 19:11:13 --> Session: Class initialized using 'CodeIgniter\Session\Handlers\FileHandler' driver.
CRITICAL - 2024-08-01 19:11:13 --> ErrorException: Undefined property: App\Controllers\Backend\Modules\Recruitment::$role
in APPPATH\Controllers\Backend\Modules\Recruitment.php on line 72.
 1 APPPATH\Controllers\Backend\Modules\Recruitment.php(72): CodeIgniter\Debug\Exceptions->errorHandler(2, 'Undefined property: App\\Controllers\\Backend\\Modules\\Recruitment::$role', 'C:\\xampp\\htdocs\\demo_spk_ahp\\app\\Controllers\\Backend\\Modules\\Recruitment.php', 72)
 2 SYSTEMPATH\CodeIgniter.php(943): App\Controllers\Backend\Modules\Recruitment->tambahApplicants()
 3 SYSTEMPATH\CodeIgniter.php(503): CodeIgniter\CodeIgniter->runController(Object(App\Controllers\Backend\Modules\Recruitment))
 4 SYSTEMPATH\CodeIgniter.php(361): CodeIgniter\CodeIgniter->handleRequest(null, Object(Config\Cache), false)
 5 FCPATH\index.php(79): CodeIgniter\CodeIgniter->run()
 6 SYSTEMPATH\Commands\Server\rewrite.php(47): require_once('C:\\xampp\\htdocs\\demo_spk_ahp\\public\\index.php')
INFO - 2024-08-01 19:12:09 --> Session: Class initialized using 'CodeIgniter\Session\Handlers\FileHandler' driver.
CRITICAL - 2024-08-01 19:12:09 --> ErrorException: Undefined property: App\Controllers\Backend\Modules\Recruitment::$role
in APPPATH\Controllers\Backend\Modules\Recruitment.php on line 72.
 1 APPPATH\Controllers\Backend\Modules\Recruitment.php(72): CodeIgniter\Debug\Exceptions->errorHandler(2, 'Undefined property: App\\Controllers\\Backend\\Modules\\Recruitment::$role', 'C:\\xampp\\htdocs\\demo_spk_ahp\\app\\Controllers\\Backend\\Modules\\Recruitment.php', 72)
 2 SYSTEMPATH\CodeIgniter.php(943): App\Controllers\Backend\Modules\Recruitment->tambahApplicants()
 3 SYSTEMPATH\CodeIgniter.php(503): CodeIgniter\CodeIgniter->runController(Object(App\Controllers\Backend\Modules\Recruitment))
 4 SYSTEMPATH\CodeIgniter.php(361): CodeIgniter\CodeIgniter->handleRequest(null, Object(Config\Cache), false)
 5 FCPATH\index.php(79): CodeIgniter\CodeIgniter->run()
 6 SYSTEMPATH\Commands\Server\rewrite.php(47): require_once('C:\\xampp\\htdocs\\demo_spk_ahp\\public\\index.php')
INFO - 2024-08-01 19:15:26 --> Session: Class initialized using 'CodeIgniter\Session\Handlers\FileHandler' driver.
CRITICAL - 2024-08-01 19:15:26 --> Error: Class "App\Controllers\Backend\Modules\RoleModel" not found
in APPPATH\Controllers\Backend\Modules\Recruitment.php on line 14.
 1 SYSTEMPATH\CodeIgniter.php(915): App\Controllers\Backend\Modules\Recruitment->__construct()
 2 SYSTEMPATH\CodeIgniter.php(494): CodeIgniter\CodeIgniter->createController()
 3 SYSTEMPATH\CodeIgniter.php(361): CodeIgniter\CodeIgniter->handleRequest(null, Object(Config\Cache), false)
 4 FCPATH\index.php(79): CodeIgniter\CodeIgniter->run()
 5 SYSTEMPATH\Commands\Server\rewrite.php(47): require_once('C:\\xampp\\htdocs\\demo_spk_ahp\\public\\index.php')
INFO - 2024-08-01 19:15:36 --> Session: Class initialized using 'CodeIgniter\Session\Handlers\FileHandler' driver.
INFO - 2024-08-01 19:15:38 --> Session: Class initialized using 'CodeIgniter\Session\Handlers\FileHandler' driver.
INFO - 2024-08-01 19:15:38 --> CSRF token verified.
INFO - 2024-08-01 19:15:39 --> Session: Class initialized using 'CodeIgniter\Session\Handlers\FileHandler' driver.
INFO - 2024-08-01 19:16:00 --> Session: Class initialized using 'CodeIgniter\Session\Handlers\FileHandler' driver.
INFO - 2024-08-01 19:16:01 --> Session: Class initialized using 'CodeIgniter\Session\Handlers\FileHandler' driver.
INFO - 2024-08-01 19:16:01 --> CSRF token verified.
INFO - 2024-08-01 19:16:03 --> Session: Class initialized using 'CodeIgniter\Session\Handlers\FileHandler' driver.
INFO - 2024-08-01 19:18:39 --> Session: Class initialized using 'CodeIgniter\Session\Handlers\FileHandler' driver.
INFO - 2024-08-01 19:18:40 --> Session: Class initialized using 'CodeIgniter\Session\Handlers\FileHandler' driver.
INFO - 2024-08-01 19:18:40 --> CSRF token verified.
INFO - 2024-08-01 19:18:41 --> Session: Class initialized using 'CodeIgniter\Session\Handlers\FileHandler' driver.
INFO - 2024-08-01 19:20:28 --> Session: Class initialized using 'CodeIgniter\Session\Handlers\FileHandler' driver.
INFO - 2024-08-01 19:20:29 --> Session: Class initialized using 'CodeIgniter\Session\Handlers\FileHandler' driver.
INFO - 2024-08-01 19:20:29 --> CSRF token verified.
INFO - 2024-08-01 19:20:30 --> Session: Class initialized using 'CodeIgniter\Session\Handlers\FileHandler' driver.
INFO - 2024-08-01 19:24:46 --> Session: Class initialized using 'CodeIgniter\Session\Handlers\FileHandler' driver.
INFO - 2024-08-01 19:24:47 --> Session: Class initialized using 'CodeIgniter\Session\Handlers\FileHandler' driver.
INFO - 2024-08-01 19:24:48 --> CSRF token verified.
INFO - 2024-08-01 19:25:50 --> Session: Class initialized using 'CodeIgniter\Session\Handlers\FileHandler' driver.
INFO - 2024-08-01 19:25:51 --> Session: Class initialized using 'CodeIgniter\Session\Handlers\FileHandler' driver.
INFO - 2024-08-01 19:25:51 --> CSRF token verified.
INFO - 2024-08-01 19:25:52 --> Session: Class initialized using 'CodeIgniter\Session\Handlers\FileHandler' driver.
INFO - 2024-08-01 19:25:57 --> Session: Class initialized using 'CodeIgniter\Session\Handlers\FileHandler' driver.
INFO - 2024-08-01 19:25:57 --> Session: Class initialized using 'CodeIgniter\Session\Handlers\FileHandler' driver.
INFO - 2024-08-01 19:25:57 --> CSRF token verified.
INFO - 2024-08-01 19:26:16 --> Session: Class initialized using 'CodeIgniter\Session\Handlers\FileHandler' driver.
INFO - 2024-08-01 19:26:21 --> Session: Class initialized using 'CodeIgniter\Session\Handlers\FileHandler' driver.
INFO - 2024-08-01 19:26:22 --> Session: Class initialized using 'CodeIgniter\Session\Handlers\FileHandler' driver.
INFO - 2024-08-01 19:26:22 --> CSRF token verified.
INFO - 2024-08-01 19:29:07 --> Session: Class initialized using 'CodeIgniter\Session\Handlers\FileHandler' driver.
INFO - 2024-08-01 19:29:08 --> Session: Class initialized using 'CodeIgniter\Session\Handlers\FileHandler' driver.
INFO - 2024-08-01 19:29:08 --> CSRF token verified.
INFO - 2024-08-01 19:29:09 --> Session: Class initialized using 'CodeIgniter\Session\Handlers\FileHandler' driver.
INFO - 2024-08-01 19:29:11 --> Session: Class initialized using 'CodeIgniter\Session\Handlers\FileHandler' driver.
INFO - 2024-08-01 19:29:11 --> CSRF token verified.
INFO - 2024-08-01 19:29:22 --> Session: Class initialized using 'CodeIgniter\Session\Handlers\FileHandler' driver.
INFO - 2024-08-01 19:29:23 --> Session: Class initialized using 'CodeIgniter\Session\Handlers\FileHandler' driver.
INFO - 2024-08-01 19:29:23 --> CSRF token verified.
INFO - 2024-08-01 19:29:25 --> Session: Class initialized using 'CodeIgniter\Session\Handlers\FileHandler' driver.
INFO - 2024-08-01 19:29:26 --> Session: Class initialized using 'CodeIgniter\Session\Handlers\FileHandler' driver.
INFO - 2024-08-01 19:29:26 --> CSRF token verified.
INFO - 2024-08-01 19:29:32 --> Session: Class initialized using 'CodeIgniter\Session\Handlers\FileHandler' driver.
INFO - 2024-08-01 19:29:33 --> Session: Class initialized using 'CodeIgniter\Session\Handlers\FileHandler' driver.
INFO - 2024-08-01 19:29:33 --> CSRF token verified.
INFO - 2024-08-01 19:29:34 --> Session: Class initialized using 'CodeIgniter\Session\Handlers\FileHandler' driver.
INFO - 2024-08-01 19:29:35 --> Session: Class initialized using 'CodeIgniter\Session\Handlers\FileHandler' driver.
INFO - 2024-08-01 19:29:36 --> CSRF token verified.
INFO - 2024-08-01 19:29:51 --> Session: Class initialized using 'CodeIgniter\Session\Handlers\FileHandler' driver.
INFO - 2024-08-01 19:29:52 --> Session: Class initialized using 'CodeIgniter\Session\Handlers\FileHandler' driver.
INFO - 2024-08-01 19:29:52 --> CSRF token verified.
INFO - 2024-08-01 19:33:54 --> Session: Class initialized using 'CodeIgniter\Session\Handlers\FileHandler' driver.
INFO - 2024-08-01 19:33:55 --> Session: Class initialized using 'CodeIgniter\Session\Handlers\FileHandler' driver.
INFO - 2024-08-01 19:33:55 --> CSRF token verified.
INFO - 2024-08-01 19:33:56 --> Session: Class initialized using 'CodeIgniter\Session\Handlers\FileHandler' driver.
INFO - 2024-08-01 19:33:57 --> Session: Class initialized using 'CodeIgniter\Session\Handlers\FileHandler' driver.
INFO - 2024-08-01 19:33:57 --> CSRF token verified.
INFO - 2024-08-01 19:34:19 --> Session: Class initialized using 'CodeIgniter\Session\Handlers\FileHandler' driver.
INFO - 2024-08-01 19:34:20 --> Session: Class initialized using 'CodeIgniter\Session\Handlers\FileHandler' driver.
INFO - 2024-08-01 19:34:20 --> CSRF token verified.
INFO - 2024-08-01 19:34:21 --> Session: Class initialized using 'CodeIgniter\Session\Handlers\FileHandler' driver.
INFO - 2024-08-01 19:34:24 --> Session: Class initialized using 'CodeIgniter\Session\Handlers\FileHandler' driver.
INFO - 2024-08-01 19:34:24 --> CSRF token verified.
INFO - 2024-08-01 19:34:33 --> Session: Class initialized using 'CodeIgniter\Session\Handlers\FileHandler' driver.
INFO - 2024-08-01 19:34:38 --> Session: Class initialized using 'CodeIgniter\Session\Handlers\FileHandler' driver.
INFO - 2024-08-01 19:34:39 --> CSRF token verified.
INFO - 2024-08-01 19:35:30 --> Session: Class initialized using 'CodeIgniter\Session\Handlers\FileHandler' driver.
INFO - 2024-08-01 19:35:30 --> CSRF token verified.
INFO - 2024-08-01 19:35:30 --> Session: Class initialized using 'CodeIgniter\Session\Handlers\FileHandler' driver.
INFO - 2024-08-01 19:35:30 --> CSRF token verified.
CRITICAL - 2024-08-01 19:35:30 --> ErrorException: Undefined property: stdClass::$delete_at
in APPPATH\Controllers\Backend\Modules\Recruitment.php on line 46.
 1 APPPATH\Controllers\Backend\Modules\Recruitment.php(46): CodeIgniter\Debug\Exceptions->errorHandler(2, 'Undefined property: stdClass::$delete_at', 'C:\\xampp\\htdocs\\demo_spk_ahp\\app\\Controllers\\Backend\\Modules\\Recruitment.php', 46)
 2 SYSTEMPATH\CodeIgniter.php(943): App\Controllers\Backend\Modules\Recruitment->listApplicants()
 3 SYSTEMPATH\CodeIgniter.php(503): CodeIgniter\CodeIgniter->runController(Object(App\Controllers\Backend\Modules\Recruitment))
 4 SYSTEMPATH\CodeIgniter.php(361): CodeIgniter\CodeIgniter->handleRequest(null, Object(Config\Cache), false)
 5 FCPATH\index.php(79): CodeIgniter\CodeIgniter->run()
 6 SYSTEMPATH\Commands\Server\rewrite.php(47): require_once('C:\\xampp\\htdocs\\demo_spk_ahp\\public\\index.php')
INFO - 2024-08-01 19:35:35 --> Session: Class initialized using 'CodeIgniter\Session\Handlers\FileHandler' driver.
INFO - 2024-08-01 19:35:36 --> Session: Class initialized using 'CodeIgniter\Session\Handlers\FileHandler' driver.
INFO - 2024-08-01 19:35:36 --> CSRF token verified.
CRITICAL - 2024-08-01 19:35:36 --> ErrorException: Undefined property: stdClass::$delete_at
in APPPATH\Controllers\Backend\Modules\Recruitment.php on line 46.
 1 APPPATH\Controllers\Backend\Modules\Recruitment.php(46): CodeIgniter\Debug\Exceptions->errorHandler(2, 'Undefined property: stdClass::$delete_at', 'C:\\xampp\\htdocs\\demo_spk_ahp\\app\\Controllers\\Backend\\Modules\\Recruitment.php', 46)
 2 SYSTEMPATH\CodeIgniter.php(943): App\Controllers\Backend\Modules\Recruitment->listApplicants()
 3 SYSTEMPATH\CodeIgniter.php(503): CodeIgniter\CodeIgniter->runController(Object(App\Controllers\Backend\Modules\Recruitment))
 4 SYSTEMPATH\CodeIgniter.php(361): CodeIgniter\CodeIgniter->handleRequest(null, Object(Config\Cache), false)
 5 FCPATH\index.php(79): CodeIgniter\CodeIgniter->run()
 6 SYSTEMPATH\Commands\Server\rewrite.php(47): require_once('C:\\xampp\\htdocs\\demo_spk_ahp\\public\\index.php')
INFO - 2024-08-01 19:37:06 --> Session: Class initialized using 'CodeIgniter\Session\Handlers\FileHandler' driver.
INFO - 2024-08-01 19:37:07 --> Session: Class initialized using 'CodeIgniter\Session\Handlers\FileHandler' driver.
INFO - 2024-08-01 19:37:07 --> CSRF token verified.
INFO - 2024-08-01 19:37:09 --> Session: Class initialized using 'CodeIgniter\Session\Handlers\FileHandler' driver.
INFO - 2024-08-01 19:37:28 --> Session: Class initialized using 'CodeIgniter\Session\Handlers\FileHandler' driver.
INFO - 2024-08-01 19:37:28 --> CSRF token verified.
INFO - 2024-08-01 19:37:28 --> Session: Class initialized using 'CodeIgniter\Session\Handlers\FileHandler' driver.
INFO - 2024-08-01 19:37:28 --> CSRF token verified.
CRITICAL - 2024-08-01 19:37:28 --> ErrorException: Undefined property: stdClass::$delete_at
in APPPATH\Controllers\Backend\Modules\Recruitment.php on line 46.
 1 APPPATH\Controllers\Backend\Modules\Recruitment.php(46): CodeIgniter\Debug\Exceptions->errorHandler(2, 'Undefined property: stdClass::$delete_at', 'C:\\xampp\\htdocs\\demo_spk_ahp\\app\\Controllers\\Backend\\Modules\\Recruitment.php', 46)
 2 SYSTEMPATH\CodeIgniter.php(943): App\Controllers\Backend\Modules\Recruitment->listApplicants()
 3 SYSTEMPATH\CodeIgniter.php(503): CodeIgniter\CodeIgniter->runController(Object(App\Controllers\Backend\Modules\Recruitment))
 4 SYSTEMPATH\CodeIgniter.php(361): CodeIgniter\CodeIgniter->handleRequest(null, Object(Config\Cache), false)
 5 FCPATH\index.php(79): CodeIgniter\CodeIgniter->run()
 6 SYSTEMPATH\Commands\Server\rewrite.php(47): require_once('C:\\xampp\\htdocs\\demo_spk_ahp\\public\\index.php')
INFO - 2024-08-01 19:39:52 --> Session: Class initialized using 'CodeIgniter\Session\Handlers\FileHandler' driver.
INFO - 2024-08-01 19:39:53 --> Session: Class initialized using 'CodeIgniter\Session\Handlers\FileHandler' driver.
INFO - 2024-08-01 19:39:54 --> CSRF token verified.
INFO - 2024-08-01 19:40:02 --> Session: Class initialized using 'CodeIgniter\Session\Handlers\FileHandler' driver.
INFO - 2024-08-01 19:43:21 --> Session: Class initialized using 'CodeIgniter\Session\Handlers\FileHandler' driver.
INFO - 2024-08-01 19:43:21 --> CSRF token verified.
INFO - 2024-08-01 19:43:21 --> Session: Class initialized using 'CodeIgniter\Session\Handlers\FileHandler' driver.
INFO - 2024-08-01 19:43:21 --> CSRF token verified.
CRITICAL - 2024-08-01 19:43:21 --> ErrorException: Undefined property: stdClass::$delete_at
in APPPATH\Controllers\Backend\Modules\Recruitment.php on line 46.
 1 APPPATH\Controllers\Backend\Modules\Recruitment.php(46): CodeIgniter\Debug\Exceptions->errorHandler(2, 'Undefined property: stdClass::$delete_at', 'C:\\xampp\\htdocs\\demo_spk_ahp\\app\\Controllers\\Backend\\Modules\\Recruitment.php', 46)
 2 SYSTEMPATH\CodeIgniter.php(943): App\Controllers\Backend\Modules\Recruitment->listApplicants()
 3 SYSTEMPATH\CodeIgniter.php(503): CodeIgniter\CodeIgniter->runController(Object(App\Controllers\Backend\Modules\Recruitment))
 4 SYSTEMPATH\CodeIgniter.php(361): CodeIgniter\CodeIgniter->handleRequest(null, Object(Config\Cache), false)
 5 FCPATH\index.php(79): CodeIgniter\CodeIgniter->run()
 6 SYSTEMPATH\Commands\Server\rewrite.php(47): require_once('C:\\xampp\\htdocs\\demo_spk_ahp\\public\\index.php')
INFO - 2024-08-01 19:46:30 --> Session: Class initialized using 'CodeIgniter\Session\Handlers\FileHandler' driver.
INFO - 2024-08-01 19:46:31 --> Session: Class initialized using 'CodeIgniter\Session\Handlers\FileHandler' driver.
INFO - 2024-08-01 19:46:31 --> CSRF token verified.
INFO - 2024-08-01 19:46:34 --> Session: Class initialized using 'CodeIgniter\Session\Handlers\FileHandler' driver.
INFO - 2024-08-01 19:47:12 --> Session: Class initialized using 'CodeIgniter\Session\Handlers\FileHandler' driver.
INFO - 2024-08-01 19:47:12 --> CSRF token verified.
INFO - 2024-08-01 19:47:12 --> Session: Class initialized using 'CodeIgniter\Session\Handlers\FileHandler' driver.
INFO - 2024-08-01 19:47:12 --> CSRF token verified.
CRITICAL - 2024-08-01 19:47:12 --> ErrorException: Undefined property: stdClass::$delete_at
in APPPATH\Controllers\Backend\Modules\Recruitment.php on line 46.
 1 APPPATH\Controllers\Backend\Modules\Recruitment.php(46): CodeIgniter\Debug\Exceptions->errorHandler(2, 'Undefined property: stdClass::$delete_at', 'C:\\xampp\\htdocs\\demo_spk_ahp\\app\\Controllers\\Backend\\Modules\\Recruitment.php', 46)
 2 SYSTEMPATH\CodeIgniter.php(943): App\Controllers\Backend\Modules\Recruitment->listApplicants()
 3 SYSTEMPATH\CodeIgniter.php(503): CodeIgniter\CodeIgniter->runController(Object(App\Controllers\Backend\Modules\Recruitment))
 4 SYSTEMPATH\CodeIgniter.php(361): CodeIgniter\CodeIgniter->handleRequest(null, Object(Config\Cache), false)
 5 FCPATH\index.php(79): CodeIgniter\CodeIgniter->run()
 6 SYSTEMPATH\Commands\Server\rewrite.php(47): require_once('C:\\xampp\\htdocs\\demo_spk_ahp\\public\\index.php')
INFO - 2024-08-01 19:48:28 --> Session: Class initialized using 'CodeIgniter\Session\Handlers\FileHandler' driver.
INFO - 2024-08-01 19:48:29 --> Session: Class initialized using 'CodeIgniter\Session\Handlers\FileHandler' driver.
INFO - 2024-08-01 19:48:29 --> CSRF token verified.
CRITICAL - 2024-08-01 19:48:29 --> ErrorException: Undefined property: stdClass::$delete_at
in APPPATH\Controllers\Backend\Modules\Recruitment.php on line 46.
 1 APPPATH\Controllers\Backend\Modules\Recruitment.php(46): CodeIgniter\Debug\Exceptions->errorHandler(2, 'Undefined property: stdClass::$delete_at', 'C:\\xampp\\htdocs\\demo_spk_ahp\\app\\Controllers\\Backend\\Modules\\Recruitment.php', 46)
 2 SYSTEMPATH\CodeIgniter.php(943): App\Controllers\Backend\Modules\Recruitment->listApplicants()
 3 SYSTEMPATH\CodeIgniter.php(503): CodeIgniter\CodeIgniter->runController(Object(App\Controllers\Backend\Modules\Recruitment))
 4 SYSTEMPATH\CodeIgniter.php(361): CodeIgniter\CodeIgniter->handleRequest(null, Object(Config\Cache), false)
 5 FCPATH\index.php(79): CodeIgniter\CodeIgniter->run()
 6 SYSTEMPATH\Commands\Server\rewrite.php(47): require_once('C:\\xampp\\htdocs\\demo_spk_ahp\\public\\index.php')
INFO - 2024-08-01 19:50:47 --> Session: Class initialized using 'CodeIgniter\Session\Handlers\FileHandler' driver.
INFO - 2024-08-01 19:50:48 --> Session: Class initialized using 'CodeIgniter\Session\Handlers\FileHandler' driver.
INFO - 2024-08-01 19:50:48 --> CSRF token verified.
CRITICAL - 2024-08-01 19:50:48 --> ErrorException: Undefined property: stdClass::$delete_at
in APPPATH\Controllers\Backend\Modules\Recruitment.php on line 45.
 1 APPPATH\Controllers\Backend\Modules\Recruitment.php(45): CodeIgniter\Debug\Exceptions->errorHandler(2, 'Undefined property: stdClass::$delete_at', 'C:\\xampp\\htdocs\\demo_spk_ahp\\app\\Controllers\\Backend\\Modules\\Recruitment.php', 45)
 2 SYSTEMPATH\CodeIgniter.php(943): App\Controllers\Backend\Modules\Recruitment->listApplicants()
 3 SYSTEMPATH\CodeIgniter.php(503): CodeIgniter\CodeIgniter->runController(Object(App\Controllers\Backend\Modules\Recruitment))
 4 SYSTEMPATH\CodeIgniter.php(361): CodeIgniter\CodeIgniter->handleRequest(null, Object(Config\Cache), false)
 5 FCPATH\index.php(79): CodeIgniter\CodeIgniter->run()
 6 SYSTEMPATH\Commands\Server\rewrite.php(47): require_once('C:\\xampp\\htdocs\\demo_spk_ahp\\public\\index.php')
INFO - 2024-08-01 19:51:06 --> Session: Class initialized using 'CodeIgniter\Session\Handlers\FileHandler' driver.
INFO - 2024-08-01 19:51:07 --> Session: Class initialized using 'CodeIgniter\Session\Handlers\FileHandler' driver.
INFO - 2024-08-01 19:51:07 --> CSRF token verified.
INFO - 2024-08-01 19:51:28 --> Session: Class initialized using 'CodeIgniter\Session\Handlers\FileHandler' driver.
INFO - 2024-08-01 19:51:30 --> Session: Class initialized using 'CodeIgniter\Session\Handlers\FileHandler' driver.
INFO - 2024-08-01 19:51:30 --> CSRF token verified.
INFO - 2024-08-01 19:52:25 --> Session: Class initialized using 'CodeIgniter\Session\Handlers\FileHandler' driver.
INFO - 2024-08-01 19:52:27 --> Session: Class initialized using 'CodeIgniter\Session\Handlers\FileHandler' driver.
INFO - 2024-08-01 19:52:27 --> CSRF token verified.
INFO - 2024-08-01 19:52:28 --> Session: Class initialized using 'CodeIgniter\Session\Handlers\FileHandler' driver.
INFO - 2024-08-01 19:52:56 --> Session: Class initialized using 'CodeIgniter\Session\Handlers\FileHandler' driver.
INFO - 2024-08-01 19:52:57 --> CSRF token verified.
INFO - 2024-08-01 19:52:57 --> Session: Class initialized using 'CodeIgniter\Session\Handlers\FileHandler' driver.
INFO - 2024-08-01 19:52:57 --> CSRF token verified.
INFO - 2024-08-01 19:53:34 --> Session: Class initialized using 'CodeIgniter\Session\Handlers\FileHandler' driver.
INFO - 2024-08-01 19:53:35 --> Session: Class initialized using 'CodeIgniter\Session\Handlers\FileHandler' driver.
INFO - 2024-08-01 19:53:35 --> CSRF token verified.
INFO - 2024-08-01 19:53:39 --> Session: Class initialized using 'CodeIgniter\Session\Handlers\FileHandler' driver.
INFO - 2024-08-01 19:54:10 --> Session: Class initialized using 'CodeIgniter\Session\Handlers\FileHandler' driver.
INFO - 2024-08-01 19:54:10 --> CSRF token verified.
INFO - 2024-08-01 19:54:10 --> Session: Class initialized using 'CodeIgniter\Session\Handlers\FileHandler' driver.
INFO - 2024-08-01 19:54:10 --> CSRF token verified.
INFO - 2024-08-01 23:11:16 --> Session: Class initialized using 'CodeIgniter\Session\Handlers\FileHandler' driver.
INFO - 2024-08-01 23:11:17 --> Session: Class initialized using 'CodeIgniter\Session\Handlers\FileHandler' driver.
INFO - 2024-08-01 23:11:26 --> CSRF token verified.
INFO - 2024-08-01 23:11:26 --> Session: Class initialized using 'CodeIgniter\Session\Handlers\FileHandler' driver.
INFO - 2024-08-01 23:11:26 --> Session: Class initialized using 'CodeIgniter\Session\Handlers\FileHandler' driver.
INFO - 2024-08-01 23:11:49 --> Session: Class initialized using 'CodeIgniter\Session\Handlers\FileHandler' driver.
INFO - 2024-08-01 23:11:50 --> Session: Class initialized using 'CodeIgniter\Session\Handlers\FileHandler' driver.
INFO - 2024-08-01 23:11:50 --> CSRF token verified.
INFO - 2024-08-01 23:13:04 --> Session: Class initialized using 'CodeIgniter\Session\Handlers\FileHandler' driver.
INFO - 2024-08-01 23:13:06 --> Session: Class initialized using 'CodeIgniter\Session\Handlers\FileHandler' driver.
INFO - 2024-08-01 23:13:06 --> CSRF token verified.
INFO - 2024-08-01 23:13:38 --> Session: Class initialized using 'CodeIgniter\Session\Handlers\FileHandler' driver.
INFO - 2024-08-01 23:13:39 --> Session: Class initialized using 'CodeIgniter\Session\Handlers\FileHandler' driver.
INFO - 2024-08-01 23:13:39 --> CSRF token verified.
INFO - 2024-08-01 23:14:46 --> Session: Class initialized using 'CodeIgniter\Session\Handlers\FileHandler' driver.
INFO - 2024-08-01 23:14:46 --> Session: Class initialized using 'CodeIgniter\Session\Handlers\FileHandler' driver.
INFO - 2024-08-01 23:21:10 --> Session: Class initialized using 'CodeIgniter\Session\Handlers\FileHandler' driver.
INFO - 2024-08-01 23:21:13 --> Session: Class initialized using 'CodeIgniter\Session\Handlers\FileHandler' driver.
INFO - 2024-08-01 23:21:13 --> CSRF token verified.
INFO - 2024-08-01 23:21:43 --> Session: Class initialized using 'CodeIgniter\Session\Handlers\FileHandler' driver.
INFO - 2024-08-01 23:21:44 --> Session: Class initialized using 'CodeIgniter\Session\Handlers\FileHandler' driver.
INFO - 2024-08-01 23:21:44 --> CSRF token verified.
INFO - 2024-08-01 23:21:52 --> Session: Class initialized using 'CodeIgniter\Session\Handlers\FileHandler' driver.
INFO - 2024-08-01 23:21:53 --> Session: Class initialized using 'CodeIgniter\Session\Handlers\FileHandler' driver.
INFO - 2024-08-01 23:21:53 --> CSRF token verified.
INFO - 2024-08-01 23:22:12 --> Session: Class initialized using 'CodeIgniter\Session\Handlers\FileHandler' driver.
INFO - 2024-08-01 23:22:13 --> Session: Class initialized using 'CodeIgniter\Session\Handlers\FileHandler' driver.
INFO - 2024-08-01 23:22:13 --> CSRF token verified.
INFO - 2024-08-01 23:22:28 --> Session: Class initialized using 'CodeIgniter\Session\Handlers\FileHandler' driver.
INFO - 2024-08-01 23:22:29 --> Session: Class initialized using 'CodeIgniter\Session\Handlers\FileHandler' driver.
INFO - 2024-08-01 23:22:30 --> CSRF token verified.
INFO - 2024-08-01 23:22:45 --> Session: Class initialized using 'CodeIgniter\Session\Handlers\FileHandler' driver.
INFO - 2024-08-01 23:22:46 --> Session: Class initialized using 'CodeIgniter\Session\Handlers\FileHandler' driver.
INFO - 2024-08-01 23:22:46 --> CSRF token verified.
INFO - 2024-08-01 23:22:59 --> Session: Class initialized using 'CodeIgniter\Session\Handlers\FileHandler' driver.
INFO - 2024-08-01 23:23:01 --> Session: Class initialized using 'CodeIgniter\Session\Handlers\FileHandler' driver.
INFO - 2024-08-01 23:23:01 --> CSRF token verified.
INFO - 2024-08-01 23:23:32 --> Session: Class initialized using 'CodeIgniter\Session\Handlers\FileHandler' driver.
INFO - 2024-08-01 23:24:08 --> Session: Class initialized using 'CodeIgniter\Session\Handlers\FileHandler' driver.
INFO - 2024-08-01 23:24:08 --> CSRF token verified.
INFO - 2024-08-01 23:24:09 --> Session: Class initialized using 'CodeIgniter\Session\Handlers\FileHandler' driver.
INFO - 2024-08-01 23:24:09 --> CSRF token verified.
INFO - 2024-08-01 23:25:17 --> Session: Class initialized using 'CodeIgniter\Session\Handlers\FileHandler' driver.
INFO - 2024-08-01 23:25:18 --> Session: Class initialized using 'CodeIgniter\Session\Handlers\FileHandler' driver.
INFO - 2024-08-01 23:25:18 --> CSRF token verified.
INFO - 2024-08-01 23:27:27 --> Session: Class initialized using 'CodeIgniter\Session\Handlers\FileHandler' driver.
INFO - 2024-08-01 23:27:28 --> Session: Class initialized using 'CodeIgniter\Session\Handlers\FileHandler' driver.
INFO - 2024-08-01 23:27:28 --> CSRF token verified.
INFO - 2024-08-01 23:29:21 --> Session: Class initialized using 'CodeIgniter\Session\Handlers\FileHandler' driver.
INFO - 2024-08-01 23:29:22 --> Session: Class initialized using 'CodeIgniter\Session\Handlers\FileHandler' driver.
INFO - 2024-08-01 23:29:22 --> CSRF token verified.
INFO - 2024-08-01 23:42:26 --> Session: Class initialized using 'CodeIgniter\Session\Handlers\FileHandler' driver.
INFO - 2024-08-01 23:42:28 --> Session: Class initialized using 'CodeIgniter\Session\Handlers\FileHandler' driver.
INFO - 2024-08-01 23:42:28 --> CSRF token verified.
INFO - 2024-08-01 23:42:29 --> Session: Class initialized using 'CodeIgniter\Session\Handlers\FileHandler' driver.
INFO - 2024-08-01 23:45:10 --> Session: Class initialized using 'CodeIgniter\Session\Handlers\FileHandler' driver.
INFO - 2024-08-01 23:45:11 --> Session: Class initialized using 'CodeIgniter\Session\Handlers\FileHandler' driver.
INFO - 2024-08-01 23:45:11 --> CSRF token verified.
INFO - 2024-08-01 23:45:13 --> Session: Class initialized using 'CodeIgniter\Session\Handlers\FileHandler' driver.
INFO - 2024-08-01 23:48:43 --> Session: Class initialized using 'CodeIgniter\Session\Handlers\FileHandler' driver.
INFO - 2024-08-01 23:48:58 --> Session: Class initialized using 'CodeIgniter\Session\Handlers\FileHandler' driver.
INFO - 2024-08-01 23:48:59 --> Session: Class initialized using 'CodeIgniter\Session\Handlers\FileHandler' driver.
INFO - 2024-08-01 23:48:59 --> CSRF token verified.
INFO - 2024-08-01 23:49:01 --> Session: Class initialized using 'CodeIgniter\Session\Handlers\FileHandler' driver.
INFO - 2024-08-01 23:49:20 --> Session: Class initialized using 'CodeIgniter\Session\Handlers\FileHandler' driver.
INFO - 2024-08-01 23:49:21 --> Session: Class initialized using 'CodeIgniter\Session\Handlers\FileHandler' driver.
INFO - 2024-08-01 23:49:21 --> CSRF token verified.
INFO - 2024-08-01 23:49:22 --> Session: Class initialized using 'CodeIgniter\Session\Handlers\FileHandler' driver.
INFO - 2024-08-01 23:49:55 --> Session: Class initialized using 'CodeIgniter\Session\Handlers\FileHandler' driver.
INFO - 2024-08-01 23:50:17 --> Session: Class initialized using 'CodeIgniter\Session\Handlers\FileHandler' driver.
INFO - 2024-08-01 23:50:18 --> Session: Class initialized using 'CodeIgniter\Session\Handlers\FileHandler' driver.
INFO - 2024-08-01 23:50:18 --> CSRF token verified.
INFO - 2024-08-01 23:50:20 --> Session: Class initialized using 'CodeIgniter\Session\Handlers\FileHandler' driver.
INFO - 2024-08-01 23:51:11 --> Session: Class initialized using 'CodeIgniter\Session\Handlers\FileHandler' driver.
INFO - 2024-08-01 23:51:29 --> Session: Class initialized using 'CodeIgniter\Session\Handlers\FileHandler' driver.
INFO - 2024-08-01 23:51:30 --> Session: Class initialized using 'CodeIgniter\Session\Handlers\FileHandler' driver.
INFO - 2024-08-01 23:51:30 --> CSRF token verified.
INFO - 2024-08-01 23:51:32 --> Session: Class initialized using 'CodeIgniter\Session\Handlers\FileHandler' driver.
INFO - 2024-08-01 23:51:35 --> Session: Class initialized using 'CodeIgniter\Session\Handlers\FileHandler' driver.
INFO - 2024-08-01 23:53:55 --> Session: Class initialized using 'CodeIgniter\Session\Handlers\FileHandler' driver.
INFO - 2024-08-01 23:54:01 --> Session: Class initialized using 'CodeIgniter\Session\Handlers\FileHandler' driver.
INFO - 2024-08-01 23:54:01 --> CSRF token verified.
INFO - 2024-08-01 23:55:12 --> Session: Class initialized using 'CodeIgniter\Session\Handlers\FileHandler' driver.
