INFO - 2024-08-19 04:12:39 --> Session: Class initialized using 'CodeIgniter\Session\Handlers\FileHandler' driver.
INFO - 2024-08-19 04:12:40 --> Session: Class initialized using 'CodeIgniter\Session\Handlers\FileHandler' driver.
INFO - 2024-08-19 04:15:57 --> CSRF token verified.
INFO - 2024-08-19 04:15:57 --> Session: Class initialized using 'CodeIgniter\Session\Handlers\FileHandler' driver.
INFO - 2024-08-19 04:15:58 --> Session: Class initialized using 'CodeIgniter\Session\Handlers\FileHandler' driver.
INFO - 2024-08-19 04:21:31 --> Session: Class initialized using 'CodeIgniter\Session\Handlers\FileHandler' driver.
INFO - 2024-08-19 06:03:27 --> Session: Class initialized using 'CodeIgniter\Session\Handlers\FileHandler' driver.
INFO - 2024-08-19 06:03:29 --> Session: Class initialized using 'CodeIgniter\Session\Handlers\FileHandler' driver.
INFO - 2024-08-19 06:03:29 --> CSRF token verified.
INFO - 2024-08-19 06:03:57 --> Session: Class initialized using 'CodeIgniter\Session\Handlers\FileHandler' driver.
INFO - 2024-08-19 06:04:22 --> Session: Class initialized using 'CodeIgniter\Session\Handlers\FileHandler' driver.
INFO - 2024-08-19 06:04:51 --> Session: Class initialized using 'CodeIgniter\Session\Handlers\FileHandler' driver.
INFO - 2024-08-19 06:04:52 --> Session: Class initialized using 'CodeIgniter\Session\Handlers\FileHandler' driver.
INFO - 2024-08-19 06:04:52 --> CSRF token verified.
INFO - 2024-08-19 06:04:54 --> Session: Class initialized using 'CodeIgniter\Session\Handlers\FileHandler' driver.
INFO - 2024-08-19 06:05:17 --> Session: Class initialized using 'CodeIgniter\Session\Handlers\FileHandler' driver.
INFO - 2024-08-19 06:05:34 --> Session: Class initialized using 'CodeIgniter\Session\Handlers\FileHandler' driver.
INFO - 2024-08-19 06:05:47 --> Session: Class initialized using 'CodeIgniter\Session\Handlers\FileHandler' driver.
INFO - 2024-08-19 06:05:57 --> Session: Class initialized using 'CodeIgniter\Session\Handlers\FileHandler' driver.
INFO - 2024-08-19 06:06:10 --> Session: Class initialized using 'CodeIgniter\Session\Handlers\FileHandler' driver.
INFO - 2024-08-19 06:06:19 --> Session: Class initialized using 'CodeIgniter\Session\Handlers\FileHandler' driver.
INFO - 2024-08-19 06:06:29 --> Session: Class initialized using 'CodeIgniter\Session\Handlers\FileHandler' driver.
INFO - 2024-08-19 06:06:41 --> Session: Class initialized using 'CodeIgniter\Session\Handlers\FileHandler' driver.
INFO - 2024-08-19 06:06:49 --> Session: Class initialized using 'CodeIgniter\Session\Handlers\FileHandler' driver.
INFO - 2024-08-19 06:07:08 --> Session: Class initialized using 'CodeIgniter\Session\Handlers\FileHandler' driver.
INFO - 2024-08-19 06:36:01 --> Session: Class initialized using 'CodeIgniter\Session\Handlers\FileHandler' driver.
INFO - 2024-08-19 06:41:01 --> Session: Class initialized using 'CodeIgniter\Session\Handlers\FileHandler' driver.
INFO - 2024-08-19 06:42:29 --> Session: Class initialized using 'CodeIgniter\Session\Handlers\FileHandler' driver.
INFO - 2024-08-19 06:42:30 --> Session: Class initialized using 'CodeIgniter\Session\Handlers\FileHandler' driver.
INFO - 2024-08-19 06:42:30 --> CSRF token verified.
INFO - 2024-08-19 06:45:49 --> Session: Class initialized using 'CodeIgniter\Session\Handlers\FileHandler' driver.
INFO - 2024-08-19 06:45:51 --> Session: Class initialized using 'CodeIgniter\Session\Handlers\FileHandler' driver.
INFO - 2024-08-19 06:45:51 --> CSRF token verified.
INFO - 2024-08-19 06:45:53 --> Session: Class initialized using 'CodeIgniter\Session\Handlers\FileHandler' driver.
INFO - 2024-08-19 06:45:54 --> Session: Class initialized using 'CodeIgniter\Session\Handlers\FileHandler' driver.
INFO - 2024-08-19 06:45:54 --> CSRF token verified.
INFO - 2024-08-19 06:45:56 --> Session: Class initialized using 'CodeIgniter\Session\Handlers\FileHandler' driver.
INFO - 2024-08-19 06:53:01 --> Session: Class initialized using 'CodeIgniter\Session\Handlers\FileHandler' driver.
INFO - 2024-08-19 06:53:04 --> Session: Class initialized using 'CodeIgniter\Session\Handlers\FileHandler' driver.
INFO - 2024-08-19 06:53:05 --> Session: Class initialized using 'CodeIgniter\Session\Handlers\FileHandler' driver.
INFO - 2024-08-19 06:53:05 --> CSRF token verified.
INFO - 2024-08-19 06:54:15 --> Session: Class initialized using 'CodeIgniter\Session\Handlers\FileHandler' driver.
INFO - 2024-08-19 06:54:17 --> Session: Class initialized using 'CodeIgniter\Session\Handlers\FileHandler' driver.
INFO - 2024-08-19 06:54:17 --> CSRF token verified.
INFO - 2024-08-19 06:54:22 --> Session: Class initialized using 'CodeIgniter\Session\Handlers\FileHandler' driver.
INFO - 2024-08-19 06:54:53 --> Session: Class initialized using 'CodeIgniter\Session\Handlers\FileHandler' driver.
INFO - 2024-08-19 06:54:54 --> Session: Class initialized using 'CodeIgniter\Session\Handlers\FileHandler' driver.
INFO - 2024-08-19 06:54:54 --> CSRF token verified.
INFO - 2024-08-19 06:54:55 --> Session: Class initialized using 'CodeIgniter\Session\Handlers\FileHandler' driver.
INFO - 2024-08-19 07:24:02 --> Session: Class initialized using 'CodeIgniter\Session\Handlers\FileHandler' driver.
INFO - 2024-08-19 07:24:03 --> Session: Class initialized using 'CodeIgniter\Session\Handlers\FileHandler' driver.
INFO - 2024-08-19 07:24:03 --> CSRF token verified.
INFO - 2024-08-19 07:26:00 --> Session: Class initialized using 'CodeIgniter\Session\Handlers\FileHandler' driver.
INFO - 2024-08-19 07:26:02 --> Session: Class initialized using 'CodeIgniter\Session\Handlers\FileHandler' driver.
INFO - 2024-08-19 07:26:02 --> CSRF token verified.
INFO - 2024-08-19 07:26:07 --> Session: Class initialized using 'CodeIgniter\Session\Handlers\FileHandler' driver.
INFO - 2024-08-19 07:27:16 --> Session: Class initialized using 'CodeIgniter\Session\Handlers\FileHandler' driver.
INFO - 2024-08-19 07:27:34 --> Session: Class initialized using 'CodeIgniter\Session\Handlers\FileHandler' driver.
INFO - 2024-08-19 07:27:36 --> Session: Class initialized using 'CodeIgniter\Session\Handlers\FileHandler' driver.
INFO - 2024-08-19 07:27:36 --> CSRF token verified.
INFO - 2024-08-19 07:27:36 --> Session: Class initialized using 'CodeIgniter\Session\Handlers\FileHandler' driver.
INFO - 2024-08-19 07:27:50 --> Session: Class initialized using 'CodeIgniter\Session\Handlers\FileHandler' driver.
INFO - 2024-08-19 07:27:50 --> CSRF token verified.
INFO - 2024-08-19 07:27:50 --> Session: Class initialized using 'CodeIgniter\Session\Handlers\FileHandler' driver.
INFO - 2024-08-19 07:27:50 --> CSRF token verified.
CRITICAL - 2024-08-19 07:27:50 --> ErrorException: Undefined property: stdClass::$max
in APPPATH\Controllers\Backend\Modules\Recruitment.php on line 1200.
 1 APPPATH\Controllers\Backend\Modules\Recruitment.php(1200): CodeIgniter\Debug\Exceptions->errorHandler(2, 'Undefined property: stdClass::$max', 'C:\\xampp\\htdocs\\demo_spk_ahp\\app\\Controllers\\Backend\\Modules\\Recruitment.php', 1200)
 2 SYSTEMPATH\CodeIgniter.php(943): App\Controllers\Backend\Modules\Recruitment->listJob()
 3 SYSTEMPATH\CodeIgniter.php(503): CodeIgniter\CodeIgniter->runController(Object(App\Controllers\Backend\Modules\Recruitment))
 4 SYSTEMPATH\CodeIgniter.php(361): CodeIgniter\CodeIgniter->handleRequest(null, Object(Config\Cache), false)
 5 FCPATH\index.php(79): CodeIgniter\CodeIgniter->run()
 6 SYSTEMPATH\Commands\Server\rewrite.php(47): require_once('C:\\xampp\\htdocs\\demo_spk_ahp\\public\\index.php')
INFO - 2024-08-19 07:27:54 --> Session: Class initialized using 'CodeIgniter\Session\Handlers\FileHandler' driver.
INFO - 2024-08-19 07:27:56 --> Session: Class initialized using 'CodeIgniter\Session\Handlers\FileHandler' driver.
INFO - 2024-08-19 07:27:56 --> CSRF token verified.
CRITICAL - 2024-08-19 07:27:56 --> ErrorException: Undefined property: stdClass::$max
in APPPATH\Controllers\Backend\Modules\Recruitment.php on line 1200.
 1 APPPATH\Controllers\Backend\Modules\Recruitment.php(1200): CodeIgniter\Debug\Exceptions->errorHandler(2, 'Undefined property: stdClass::$max', 'C:\\xampp\\htdocs\\demo_spk_ahp\\app\\Controllers\\Backend\\Modules\\Recruitment.php', 1200)
 2 SYSTEMPATH\CodeIgniter.php(943): App\Controllers\Backend\Modules\Recruitment->listJob()
 3 SYSTEMPATH\CodeIgniter.php(503): CodeIgniter\CodeIgniter->runController(Object(App\Controllers\Backend\Modules\Recruitment))
 4 SYSTEMPATH\CodeIgniter.php(361): CodeIgniter\CodeIgniter->handleRequest(null, Object(Config\Cache), false)
 5 FCPATH\index.php(79): CodeIgniter\CodeIgniter->run()
 6 SYSTEMPATH\Commands\Server\rewrite.php(47): require_once('C:\\xampp\\htdocs\\demo_spk_ahp\\public\\index.php')
INFO - 2024-08-19 07:28:23 --> Session: Class initialized using 'CodeIgniter\Session\Handlers\FileHandler' driver.
INFO - 2024-08-19 07:28:24 --> Session: Class initialized using 'CodeIgniter\Session\Handlers\FileHandler' driver.
INFO - 2024-08-19 07:28:24 --> CSRF token verified.
CRITICAL - 2024-08-19 07:28:24 --> ErrorException: Undefined property: stdClass::$max
in APPPATH\Controllers\Backend\Modules\Recruitment.php on line 1200.
 1 APPPATH\Controllers\Backend\Modules\Recruitment.php(1200): CodeIgniter\Debug\Exceptions->errorHandler(2, 'Undefined property: stdClass::$max', 'C:\\xampp\\htdocs\\demo_spk_ahp\\app\\Controllers\\Backend\\Modules\\Recruitment.php', 1200)
 2 SYSTEMPATH\CodeIgniter.php(943): App\Controllers\Backend\Modules\Recruitment->listJob()
 3 SYSTEMPATH\CodeIgniter.php(503): CodeIgniter\CodeIgniter->runController(Object(App\Controllers\Backend\Modules\Recruitment))
 4 SYSTEMPATH\CodeIgniter.php(361): CodeIgniter\CodeIgniter->handleRequest(null, Object(Config\Cache), false)
 5 FCPATH\index.php(79): CodeIgniter\CodeIgniter->run()
 6 SYSTEMPATH\Commands\Server\rewrite.php(47): require_once('C:\\xampp\\htdocs\\demo_spk_ahp\\public\\index.php')
INFO - 2024-08-19 07:29:14 --> Session: Class initialized using 'CodeIgniter\Session\Handlers\FileHandler' driver.
INFO - 2024-08-19 07:29:16 --> Session: Class initialized using 'CodeIgniter\Session\Handlers\FileHandler' driver.
INFO - 2024-08-19 07:29:16 --> CSRF token verified.
CRITICAL - 2024-08-19 07:29:16 --> ErrorException: Undefined property: stdClass::$max
in APPPATH\Controllers\Backend\Modules\Recruitment.php on line 1200.
 1 APPPATH\Controllers\Backend\Modules\Recruitment.php(1200): CodeIgniter\Debug\Exceptions->errorHandler(2, 'Undefined property: stdClass::$max', 'C:\\xampp\\htdocs\\demo_spk_ahp\\app\\Controllers\\Backend\\Modules\\Recruitment.php', 1200)
 2 SYSTEMPATH\CodeIgniter.php(943): App\Controllers\Backend\Modules\Recruitment->listJob()
 3 SYSTEMPATH\CodeIgniter.php(503): CodeIgniter\CodeIgniter->runController(Object(App\Controllers\Backend\Modules\Recruitment))
 4 SYSTEMPATH\CodeIgniter.php(361): CodeIgniter\CodeIgniter->handleRequest(null, Object(Config\Cache), false)
 5 FCPATH\index.php(79): CodeIgniter\CodeIgniter->run()
 6 SYSTEMPATH\Commands\Server\rewrite.php(47): require_once('C:\\xampp\\htdocs\\demo_spk_ahp\\public\\index.php')
INFO - 2024-08-19 07:30:43 --> Session: Class initialized using 'CodeIgniter\Session\Handlers\FileHandler' driver.
INFO - 2024-08-19 07:30:44 --> Session: Class initialized using 'CodeIgniter\Session\Handlers\FileHandler' driver.
INFO - 2024-08-19 07:30:44 --> CSRF token verified.
CRITICAL - 2024-08-19 07:30:44 --> ErrorException: Undefined property: stdClass::$max
in APPPATH\Controllers\Backend\Modules\Recruitment.php on line 1200.
 1 APPPATH\Controllers\Backend\Modules\Recruitment.php(1200): CodeIgniter\Debug\Exceptions->errorHandler(2, 'Undefined property: stdClass::$max', 'C:\\xampp\\htdocs\\demo_spk_ahp\\app\\Controllers\\Backend\\Modules\\Recruitment.php', 1200)
 2 SYSTEMPATH\CodeIgniter.php(943): App\Controllers\Backend\Modules\Recruitment->listJob()
 3 SYSTEMPATH\CodeIgniter.php(503): CodeIgniter\CodeIgniter->runController(Object(App\Controllers\Backend\Modules\Recruitment))
 4 SYSTEMPATH\CodeIgniter.php(361): CodeIgniter\CodeIgniter->handleRequest(null, Object(Config\Cache), false)
 5 FCPATH\index.php(79): CodeIgniter\CodeIgniter->run()
 6 SYSTEMPATH\Commands\Server\rewrite.php(47): require_once('C:\\xampp\\htdocs\\demo_spk_ahp\\public\\index.php')
INFO - 2024-08-19 07:31:43 --> Session: Class initialized using 'CodeIgniter\Session\Handlers\FileHandler' driver.
INFO - 2024-08-19 07:31:45 --> Session: Class initialized using 'CodeIgniter\Session\Handlers\FileHandler' driver.
INFO - 2024-08-19 07:31:45 --> CSRF token verified.
INFO - 2024-08-19 07:37:06 --> Session: Class initialized using 'CodeIgniter\Session\Handlers\FileHandler' driver.
INFO - 2024-08-19 07:37:44 --> Session: Class initialized using 'CodeIgniter\Session\Handlers\FileHandler' driver.
INFO - 2024-08-19 07:37:44 --> CSRF token verified.
INFO - 2024-08-19 07:37:45 --> Session: Class initialized using 'CodeIgniter\Session\Handlers\FileHandler' driver.
INFO - 2024-08-19 07:37:45 --> CSRF token verified.
INFO - 2024-08-19 07:37:53 --> Session: Class initialized using 'CodeIgniter\Session\Handlers\FileHandler' driver.
CRITICAL - 2024-08-19 07:37:53 --> BadMethodCallException: Call to undefined method App\Models\JobListModel::getPosisi
in SYSTEMPATH\Model.php on line 879.
 1 APPPATH\Controllers\Backend\Modules\Recruitment.php(1236): CodeIgniter\Model->__call('getPosisi', [...])
 2 SYSTEMPATH\CodeIgniter.php(943): App\Controllers\Backend\Modules\Recruitment->tambahPosisi()
 3 SYSTEMPATH\CodeIgniter.php(503): CodeIgniter\CodeIgniter->runController(Object(App\Controllers\Backend\Modules\Recruitment))
 4 SYSTEMPATH\CodeIgniter.php(361): CodeIgniter\CodeIgniter->handleRequest(null, Object(Config\Cache), false)
 5 FCPATH\index.php(79): CodeIgniter\CodeIgniter->run()
 6 SYSTEMPATH\Commands\Server\rewrite.php(47): require_once('C:\\xampp\\htdocs\\demo_spk_ahp\\public\\index.php')
INFO - 2024-08-19 07:37:54 --> Session: Class initialized using 'CodeIgniter\Session\Handlers\FileHandler' driver.
CRITICAL - 2024-08-19 07:37:55 --> BadMethodCallException: Call to undefined method App\Models\JobListModel::getPosisi
in SYSTEMPATH\Model.php on line 879.
 1 APPPATH\Controllers\Backend\Modules\Recruitment.php(1236): CodeIgniter\Model->__call('getPosisi', [...])
 2 SYSTEMPATH\CodeIgniter.php(943): App\Controllers\Backend\Modules\Recruitment->tambahPosisi()
 3 SYSTEMPATH\CodeIgniter.php(503): CodeIgniter\CodeIgniter->runController(Object(App\Controllers\Backend\Modules\Recruitment))
 4 SYSTEMPATH\CodeIgniter.php(361): CodeIgniter\CodeIgniter->handleRequest(null, Object(Config\Cache), false)
 5 FCPATH\index.php(79): CodeIgniter\CodeIgniter->run()
 6 SYSTEMPATH\Commands\Server\rewrite.php(47): require_once('C:\\xampp\\htdocs\\demo_spk_ahp\\public\\index.php')
INFO - 2024-08-19 07:38:09 --> Session: Class initialized using 'CodeIgniter\Session\Handlers\FileHandler' driver.
INFO - 2024-08-19 07:38:11 --> Session: Class initialized using 'CodeIgniter\Session\Handlers\FileHandler' driver.
INFO - 2024-08-19 07:38:11 --> CSRF token verified.
INFO - 2024-08-19 07:43:32 --> Session: Class initialized using 'CodeIgniter\Session\Handlers\FileHandler' driver.
INFO - 2024-08-19 07:43:34 --> Session: Class initialized using 'CodeIgniter\Session\Handlers\FileHandler' driver.
INFO - 2024-08-19 07:43:34 --> CSRF token verified.
INFO - 2024-08-19 07:44:55 --> Session: Class initialized using 'CodeIgniter\Session\Handlers\FileHandler' driver.
INFO - 2024-08-19 07:44:57 --> Session: Class initialized using 'CodeIgniter\Session\Handlers\FileHandler' driver.
INFO - 2024-08-19 07:44:57 --> CSRF token verified.
INFO - 2024-08-19 07:45:10 --> Session: Class initialized using 'CodeIgniter\Session\Handlers\FileHandler' driver.
INFO - 2024-08-19 07:45:12 --> Session: Class initialized using 'CodeIgniter\Session\Handlers\FileHandler' driver.
INFO - 2024-08-19 07:45:12 --> CSRF token verified.
INFO - 2024-08-19 07:45:13 --> Session: Class initialized using 'CodeIgniter\Session\Handlers\FileHandler' driver.
INFO - 2024-08-19 07:45:26 --> Session: Class initialized using 'CodeIgniter\Session\Handlers\FileHandler' driver.
INFO - 2024-08-19 07:45:28 --> Session: Class initialized using 'CodeIgniter\Session\Handlers\FileHandler' driver.
INFO - 2024-08-19 07:45:28 --> CSRF token verified.
INFO - 2024-08-19 07:45:30 --> Session: Class initialized using 'CodeIgniter\Session\Handlers\FileHandler' driver.
INFO - 2024-08-19 07:45:40 --> Session: Class initialized using 'CodeIgniter\Session\Handlers\FileHandler' driver.
INFO - 2024-08-19 07:46:16 --> Session: Class initialized using 'CodeIgniter\Session\Handlers\FileHandler' driver.
INFO - 2024-08-19 07:46:16 --> CSRF token verified.
INFO - 2024-08-19 07:46:16 --> Session: Class initialized using 'CodeIgniter\Session\Handlers\FileHandler' driver.
INFO - 2024-08-19 07:46:16 --> CSRF token verified.
INFO - 2024-08-19 07:46:27 --> Session: Class initialized using 'CodeIgniter\Session\Handlers\FileHandler' driver.
INFO - 2024-08-19 07:46:31 --> Session: Class initialized using 'CodeIgniter\Session\Handlers\FileHandler' driver.
INFO - 2024-08-19 07:46:56 --> Session: Class initialized using 'CodeIgniter\Session\Handlers\FileHandler' driver.
INFO - 2024-08-19 07:46:56 --> CSRF token verified.
INFO - 2024-08-19 07:46:56 --> Session: Class initialized using 'CodeIgniter\Session\Handlers\FileHandler' driver.
INFO - 2024-08-19 07:46:56 --> CSRF token verified.
INFO - 2024-08-19 07:47:02 --> Session: Class initialized using 'CodeIgniter\Session\Handlers\FileHandler' driver.
INFO - 2024-08-19 07:47:08 --> Session: Class initialized using 'CodeIgniter\Session\Handlers\FileHandler' driver.
INFO - 2024-08-19 07:47:08 --> CSRF token verified.
INFO - 2024-08-19 07:48:06 --> Session: Class initialized using 'CodeIgniter\Session\Handlers\FileHandler' driver.
INFO - 2024-08-19 07:48:07 --> Session: Class initialized using 'CodeIgniter\Session\Handlers\FileHandler' driver.
INFO - 2024-08-19 07:48:08 --> CSRF token verified.
INFO - 2024-08-19 07:48:09 --> Session: Class initialized using 'CodeIgniter\Session\Handlers\FileHandler' driver.
INFO - 2024-08-19 07:48:14 --> Session: Class initialized using 'CodeIgniter\Session\Handlers\FileHandler' driver.
INFO - 2024-08-19 07:48:14 --> CSRF token verified.
INFO - 2024-08-19 07:48:14 --> Session: Class initialized using 'CodeIgniter\Session\Handlers\FileHandler' driver.
INFO - 2024-08-19 07:48:14 --> CSRF token verified.
INFO - 2024-08-19 07:48:22 --> Session: Class initialized using 'CodeIgniter\Session\Handlers\FileHandler' driver.
INFO - 2024-08-19 07:48:30 --> Session: Class initialized using 'CodeIgniter\Session\Handlers\FileHandler' driver.
INFO - 2024-08-19 07:48:30 --> CSRF token verified.
INFO - 2024-08-19 07:48:30 --> Session: Class initialized using 'CodeIgniter\Session\Handlers\FileHandler' driver.
INFO - 2024-08-19 07:48:30 --> CSRF token verified.
INFO - 2024-08-19 07:48:32 --> Session: Class initialized using 'CodeIgniter\Session\Handlers\FileHandler' driver.
INFO - 2024-08-19 07:48:36 --> Session: Class initialized using 'CodeIgniter\Session\Handlers\FileHandler' driver.
INFO - 2024-08-19 07:48:56 --> Session: Class initialized using 'CodeIgniter\Session\Handlers\FileHandler' driver.
INFO - 2024-08-19 07:48:56 --> CSRF token verified.
INFO - 2024-08-19 07:48:56 --> Session: Class initialized using 'CodeIgniter\Session\Handlers\FileHandler' driver.
INFO - 2024-08-19 07:48:56 --> CSRF token verified.
INFO - 2024-08-19 07:50:02 --> Session: Class initialized using 'CodeIgniter\Session\Handlers\FileHandler' driver.
INFO - 2024-08-19 07:50:05 --> Session: Class initialized using 'CodeIgniter\Session\Handlers\FileHandler' driver.
INFO - 2024-08-19 07:50:05 --> CSRF token verified.
INFO - 2024-08-19 07:50:05 --> Session: Class initialized using 'CodeIgniter\Session\Handlers\FileHandler' driver.
INFO - 2024-08-19 07:50:05 --> CSRF token verified.
INFO - 2024-08-19 07:50:23 --> Session: Class initialized using 'CodeIgniter\Session\Handlers\FileHandler' driver.
INFO - 2024-08-19 07:50:25 --> Session: Class initialized using 'CodeIgniter\Session\Handlers\FileHandler' driver.
INFO - 2024-08-19 07:50:25 --> CSRF token verified.
INFO - 2024-08-19 07:56:12 --> Session: Class initialized using 'CodeIgniter\Session\Handlers\FileHandler' driver.
CRITICAL - 2024-08-19 07:56:12 --> ParseError: syntax error, unexpected token "=", expecting ")"
in APPPATH\Controllers\Backend\Modules\Recruitment.php on line 1167.
 1 SYSTEMPATH\Autoloader\Autoloader.php(290): CodeIgniter\Autoloader\Autoloader->includeFile('C:\\xampp\\htdocs\\demo_spk_ahp\\app\\Controllers\\Backend\\Modules\\Recruitment.php')
 2 SYSTEMPATH\Autoloader\Autoloader.php(266): CodeIgniter\Autoloader\Autoloader->loadInNamespace('App\\Controllers\\Backend\\Modules\\Recruitment')
 3 [internal function]: CodeIgniter\Autoloader\Autoloader->loadClass('App\\Controllers\\Backend\\Modules\\Recruitment')
 4 SYSTEMPATH\CodeIgniter.php(901): class_exists('\\App\\Controllers\\Backend\\Modules\\Recruitment', true)
 5 SYSTEMPATH\CodeIgniter.php(490): CodeIgniter\CodeIgniter->startController()
 6 SYSTEMPATH\CodeIgniter.php(361): CodeIgniter\CodeIgniter->handleRequest(null, Object(Config\Cache), false)
 7 FCPATH\index.php(79): CodeIgniter\CodeIgniter->run()
 8 SYSTEMPATH\Commands\Server\rewrite.php(47): require_once('C:\\xampp\\htdocs\\demo_spk_ahp\\public\\index.php')
INFO - 2024-08-19 07:56:25 --> Session: Class initialized using 'CodeIgniter\Session\Handlers\FileHandler' driver.
CRITICAL - 2024-08-19 07:56:25 --> ParseError: syntax error, unexpected token ";", expecting ")"
in APPPATH\Controllers\Backend\Modules\Recruitment.php on line 1167.
 1 SYSTEMPATH\Autoloader\Autoloader.php(290): CodeIgniter\Autoloader\Autoloader->includeFile('C:\\xampp\\htdocs\\demo_spk_ahp\\app\\Controllers\\Backend\\Modules\\Recruitment.php')
 2 SYSTEMPATH\Autoloader\Autoloader.php(266): CodeIgniter\Autoloader\Autoloader->loadInNamespace('App\\Controllers\\Backend\\Modules\\Recruitment')
 3 [internal function]: CodeIgniter\Autoloader\Autoloader->loadClass('App\\Controllers\\Backend\\Modules\\Recruitment')
 4 SYSTEMPATH\CodeIgniter.php(901): class_exists('\\App\\Controllers\\Backend\\Modules\\Recruitment', true)
 5 SYSTEMPATH\CodeIgniter.php(490): CodeIgniter\CodeIgniter->startController()
 6 SYSTEMPATH\CodeIgniter.php(361): CodeIgniter\CodeIgniter->handleRequest(null, Object(Config\Cache), false)
 7 FCPATH\index.php(79): CodeIgniter\CodeIgniter->run()
 8 SYSTEMPATH\Commands\Server\rewrite.php(47): require_once('C:\\xampp\\htdocs\\demo_spk_ahp\\public\\index.php')
INFO - 2024-08-19 07:56:32 --> Session: Class initialized using 'CodeIgniter\Session\Handlers\FileHandler' driver.
CRITICAL - 2024-08-19 07:56:32 --> ErrorException: Attempt to read property "nil_max" on array
in APPPATH\Views\backend\view\recruitment\results.php on line 71.
 1 APPPATH\Views\backend\view\recruitment\results.php(71): CodeIgniter\Debug\Exceptions->errorHandler(2, 'Attempt to read property "nil_max" on array', 'C:\\xampp\\htdocs\\demo_spk_ahp\\app\\Views\\backend\\view\\recruitment\\results.php', 71)
 2 SYSTEMPATH\View\View.php(228): include('C:\\xampp\\htdocs\\demo_spk_ahp\\app\\Views\\backend\\view\\recruitment\\results.php')
 3 SYSTEMPATH\View\View.php(231): CodeIgniter\View\View->CodeIgniter\View\{closure}()
 4 SYSTEMPATH\Common.php(1178): CodeIgniter\View\View->render('backend/view/recruitment/results', [], true)
 5 APPPATH\Controllers\Backend\Modules\Recruitment.php(1172): view('backend/view/recruitment/results', [...])
 6 SYSTEMPATH\CodeIgniter.php(943): App\Controllers\Backend\Modules\Recruitment->resultsApplicant()
 7 SYSTEMPATH\CodeIgniter.php(503): CodeIgniter\CodeIgniter->runController(Object(App\Controllers\Backend\Modules\Recruitment))
 8 SYSTEMPATH\CodeIgniter.php(361): CodeIgniter\CodeIgniter->handleRequest(null, Object(Config\Cache), false)
 9 FCPATH\index.php(79): CodeIgniter\CodeIgniter->run()
10 SYSTEMPATH\Commands\Server\rewrite.php(47): require_once('C:\\xampp\\htdocs\\demo_spk_ahp\\public\\index.php')
INFO - 2024-08-19 08:01:30 --> Session: Class initialized using 'CodeIgniter\Session\Handlers\FileHandler' driver.
CRITICAL - 2024-08-19 08:01:30 --> ErrorException: Undefined variable $positions
in APPPATH\Views\backend\view\recruitment\results.php on line 71.
 1 APPPATH\Views\backend\view\recruitment\results.php(71): CodeIgniter\Debug\Exceptions->errorHandler(2, 'Undefined variable $positions', 'C:\\xampp\\htdocs\\demo_spk_ahp\\app\\Views\\backend\\view\\recruitment\\results.php', 71)
 2 SYSTEMPATH\View\View.php(228): include('C:\\xampp\\htdocs\\demo_spk_ahp\\app\\Views\\backend\\view\\recruitment\\results.php')
 3 SYSTEMPATH\View\View.php(231): CodeIgniter\View\View->CodeIgniter\View\{closure}()
 4 SYSTEMPATH\Common.php(1178): CodeIgniter\View\View->render('backend/view/recruitment/results', [], true)
 5 APPPATH\Controllers\Backend\Modules\Recruitment.php(1172): view('backend/view/recruitment/results', [...])
 6 SYSTEMPATH\CodeIgniter.php(943): App\Controllers\Backend\Modules\Recruitment->resultsApplicant()
 7 SYSTEMPATH\CodeIgniter.php(503): CodeIgniter\CodeIgniter->runController(Object(App\Controllers\Backend\Modules\Recruitment))
 8 SYSTEMPATH\CodeIgniter.php(361): CodeIgniter\CodeIgniter->handleRequest(null, Object(Config\Cache), false)
 9 FCPATH\index.php(79): CodeIgniter\CodeIgniter->run()
10 SYSTEMPATH\Commands\Server\rewrite.php(47): require_once('C:\\xampp\\htdocs\\demo_spk_ahp\\public\\index.php')
INFO - 2024-08-19 08:01:41 --> Session: Class initialized using 'CodeIgniter\Session\Handlers\FileHandler' driver.
CRITICAL - 2024-08-19 08:01:41 --> ErrorException: Attempt to read property "nil_max" on array
in APPPATH\Views\backend\view\recruitment\results.php on line 72.
 1 APPPATH\Views\backend\view\recruitment\results.php(72): CodeIgniter\Debug\Exceptions->errorHandler(2, 'Attempt to read property "nil_max" on array', 'C:\\xampp\\htdocs\\demo_spk_ahp\\app\\Views\\backend\\view\\recruitment\\results.php', 72)
 2 SYSTEMPATH\View\View.php(228): include('C:\\xampp\\htdocs\\demo_spk_ahp\\app\\Views\\backend\\view\\recruitment\\results.php')
 3 SYSTEMPATH\View\View.php(231): CodeIgniter\View\View->CodeIgniter\View\{closure}()
 4 SYSTEMPATH\Common.php(1178): CodeIgniter\View\View->render('backend/view/recruitment/results', [], true)
 5 APPPATH\Controllers\Backend\Modules\Recruitment.php(1172): view('backend/view/recruitment/results', [...])
 6 SYSTEMPATH\CodeIgniter.php(943): App\Controllers\Backend\Modules\Recruitment->resultsApplicant()
 7 SYSTEMPATH\CodeIgniter.php(503): CodeIgniter\CodeIgniter->runController(Object(App\Controllers\Backend\Modules\Recruitment))
 8 SYSTEMPATH\CodeIgniter.php(361): CodeIgniter\CodeIgniter->handleRequest(null, Object(Config\Cache), false)
 9 FCPATH\index.php(79): CodeIgniter\CodeIgniter->run()
10 SYSTEMPATH\Commands\Server\rewrite.php(47): require_once('C:\\xampp\\htdocs\\demo_spk_ahp\\public\\index.php')
INFO - 2024-08-19 08:02:23 --> Session: Class initialized using 'CodeIgniter\Session\Handlers\FileHandler' driver.
INFO - 2024-08-19 08:04:00 --> Session: Class initialized using 'CodeIgniter\Session\Handlers\FileHandler' driver.
INFO - 2024-08-19 08:09:50 --> Session: Class initialized using 'CodeIgniter\Session\Handlers\FileHandler' driver.
CRITICAL - 2024-08-19 08:09:50 --> ErrorException: Undefined property: stdClass::$posisi
in APPPATH\Views\backend\view\recruitment\results.php on line 73.
 1 APPPATH\Views\backend\view\recruitment\results.php(73): CodeIgniter\Debug\Exceptions->errorHandler(2, 'Undefined property: stdClass::$posisi', 'C:\\xampp\\htdocs\\demo_spk_ahp\\app\\Views\\backend\\view\\recruitment\\results.php', 73)
 2 SYSTEMPATH\View\View.php(228): include('C:\\xampp\\htdocs\\demo_spk_ahp\\app\\Views\\backend\\view\\recruitment\\results.php')
 3 SYSTEMPATH\View\View.php(231): CodeIgniter\View\View->CodeIgniter\View\{closure}()
 4 SYSTEMPATH\Common.php(1178): CodeIgniter\View\View->render('backend/view/recruitment/results', [], true)
 5 APPPATH\Controllers\Backend\Modules\Recruitment.php(1172): view('backend/view/recruitment/results', [...])
 6 SYSTEMPATH\CodeIgniter.php(943): App\Controllers\Backend\Modules\Recruitment->resultsApplicant()
 7 SYSTEMPATH\CodeIgniter.php(503): CodeIgniter\CodeIgniter->runController(Object(App\Controllers\Backend\Modules\Recruitment))
 8 SYSTEMPATH\CodeIgniter.php(361): CodeIgniter\CodeIgniter->handleRequest(null, Object(Config\Cache), false)
 9 FCPATH\index.php(79): CodeIgniter\CodeIgniter->run()
10 SYSTEMPATH\Commands\Server\rewrite.php(47): require_once('C:\\xampp\\htdocs\\demo_spk_ahp\\public\\index.php')
INFO - 2024-08-19 08:09:59 --> Session: Class initialized using 'CodeIgniter\Session\Handlers\FileHandler' driver.
INFO - 2024-08-19 08:11:10 --> Session: Class initialized using 'CodeIgniter\Session\Handlers\FileHandler' driver.
